node.exe : npm verbose cli D:\node.exe C:\U
sers\Smaiyl\AppData\Roaming\npm\node_module
s\npm\bin\npm-cli.js
строка:1 знак:1
+ & "D:\/node.exe" "C:\Users\Smaiyl\AppData
\Roaming\npm/node_modules/np ...
+ ~~~~~~~~~~~~~~~~~~~~~~~~~~~~~~~~~~~~~~~~~
~~~~~~~~~~~~~~~~~~~~~~~~~~~~
    + CategoryInfo          : NotSpecified 
   : (npm verbose cli...\bin\npm-cli.js:S  
  tring) [], RemoteException
    + FullyQualifiedErrorId : NativeComman 
   dError
 
npm info using npm@11.7.0
npm info using node@v24.12.0
npm verbose title npm install
npm verbose argv "install" "--loglevel" 
"verbose"
npm verbose logfile logs-max:10 dir:C:\User
s\Smaiyl\AppData\Local\npm-cache\_logs\2026
-01-14T11_52_36_971Z-
npm verbose logfile C:\Users\Smaiyl\AppData
\Local\npm-cache\_logs\2026-01-14T11_52_36_
971Z-debug-0.log
npm http cache https://registry.npmjs.org/@
auth%2fprisma-adapter 128ms (cache hit)
npm http cache https://registry.npmjs.org/@
prisma%2fclient 130ms (cache hit)
npm http cache 
https://registry.npmjs.org/prisma 82ms 
(cache hit)
npm http cache 
https://registry.npmjs.org/better-sqlite3 
24ms (cache hit)
npm http cache 
https://registry.npmjs.org/typescript 66ms 
(cache hit)
npm http cache 
https://registry.npmjs.org/clsx 9ms (cache 
hit)
npm http cache 
https://registry.npmjs.org/lucide-react 
14ms (cache hit)
npm http cache 
https://registry.npmjs.org/react 26ms 
(cache hit)
npm http cache 
https://registry.npmjs.org/next-auth 27ms 
(cache hit)
npm http cache https://registry.npmjs.org/@
simplewebauthn%2fbrowser 21ms (cache hit)
npm http cache https://registry.npmjs.org/@
simplewebauthn%2fserver 29ms (cache hit)
npm http cache 
https://registry.npmjs.org/next 77ms 
(cache hit)
npm http cache 
https://registry.npmjs.org/next 63ms 
(cache hit)
npm http cache https://registry.npmjs.org/@
opentelemetry%2fapi 11ms (cache hit)
npm http cache https://registry.npmjs.org/@
playwright%2ftest 22ms (cache hit)
npm http cache https://registry.npmjs.org/b
abel-plugin-react-compiler 10ms (cache hit)
npm http cache 
https://registry.npmjs.org/react-dom 23ms 
(cache hit)
npm http cache 
https://registry.npmjs.org/sass 22ms 
(cache hit)
npm verbose stack Error: unable to resolve 
dependency tree
npm verbose stack     at #failPeerConflict 
(C:\Users\Smaiyl\AppData\Roaming\npm\node_m
odules\npm\node_modules\@npmcli\arborist\li
b\arborist\build-ideal-tree.js:1404:25)
npm verbose stack     at #loadPeerSet (C:\U
sers\Smaiyl\AppData\Roaming\npm\node_module
s\npm\node_modules\@npmcli\arborist\lib\arb
orist\build-ideal-tree.js:1370:33)
npm verbose stack     at async 
#buildDepStep (C:\Users\Smaiyl\AppData\Roam
ing\npm\node_modules\npm\node_modules\@npmc
li\arborist\lib\arborist\build-ideal-tree.j
s:918:11)
npm verbose stack     at async 
Arborist.buildIdealTree (C:\Users\Smaiyl\Ap
pData\Roaming\npm\node_modules\npm\node_mod
ules\@npmcli\arborist\lib\arborist\build-id
eal-tree.js:170:7)
npm verbose stack     at async Promise.all 
(index 1)
npm verbose stack     at async 
Arborist.reify (C:\Users\Smaiyl\AppData\Roa
ming\npm\node_modules\npm\node_modules\@npm
cli\arborist\lib\arborist\reify.js:110:5)
npm verbose stack     at async 
Install.exec (C:\Users\Smaiyl\AppData\Roami
ng\npm\node_modules\npm\lib\commands\instal
l.js:150:5)
npm verbose stack     at async Npm.exec (C:
\Users\Smaiyl\AppData\Roaming\npm\node_modu
les\npm\lib\npm.js:208:9)
npm verbose stack     at async 
module.exports (C:\Users\Smaiyl\AppData\Roa
ming\npm\node_modules\npm\lib\cli\entry.js:
67:5)
npm error code ERESOLVE
npm error ERESOLVE unable to resolve 
dependency tree
npm error
npm error While resolving: csc-app@0.1.0
npm error Found: next@16.1.1
npm error node_modules/next
npm error   next@"16.1.1" from the root 
project
npm error
npm error Could not resolve dependency:
npm error peer next@"^14.0.0-0 || 
^15.0.0-0" from next-auth@5.0.0-beta.25
npm error node_modules/next-auth
npm error   next-auth@"5.0.0-beta.25" from 
the root project
npm error
npm error Fix the upstream dependency 
conflict, or retry
npm error this command with --force or 
--legacy-peer-deps
npm error to accept an incorrect (and 
potentially broken) dependency resolution.
npm error
npm error
npm error For a full report see:
npm error C:\Users\Smaiyl\AppData\Local\npm
-cache\_logs\2026-01-14T11_52_36_971Z-ereso
lve-report.txt
npm verbose cwd 
C:\Users\Smaiyl\Desktop\csdesign_workflow
npm verbose os Windows_NT 10.0.26200
npm verbose node v24.12.0
npm verbose npm  v11.7.0
npm verbose exit 1
npm verbose code 1
npm error A complete log of this run can 
be found in: C:\Users\Smaiyl\AppData\Local\
npm-cache\_logs\2026-01-14T11_52_36_971Z-de
bug-0.log
